<?xml version="1.0" encoding="UTF-8"?>
<testsuite xmlns:xsi="http://www.w3.org/2001/XMLSchema-instance" xsi:noNamespaceSchemaLocation="https://maven.apache.org/surefire/maven-surefire-plugin/xsd/surefire-test-report.xsd" version="3.0.1" name="com.e2etests.automation.RunWebSuiteTest" time="7.381" tests="1" errors="0" skipped="0" failures="0">
  <properties>
[...]
</properties>
  <testcase name="je verifie la page d authentification" classname="je verifie la page d authentification" time="7.099">
    <system-out><![CDATA[
@connexion
Scenario: je verifie la page d authentification               # src/spec/features/features_files/Authentication.feature:5
  Given je me connecte sur l application Mercury              # com.e2etests.automation.step.definitions.AuthenticationStepDefiniton.jeMeConnecteSurLApplicationMercury()
  When je saisi le user name "test"                           # com.e2etests.automation.step.definitions.AuthenticationStepDefiniton.jeSaisiLeUserName(java.lang.String)
  And je saisi le password  "test"                            # com.e2etests.automation.step.definitions.AuthenticationStepDefiniton.jeSaisiLePassword(java.lang.String)
  And je clique sur le boutton submit                         # com.e2etests.automation.step.definitions.AuthenticationStepDefiniton.jeCliqueSurLeBouttonSubmit()
  Then je me rederige vers la pagee home "Login Successfully" # com.e2etests.automation.step.definitions.AuthenticationStepDefiniton.jeMeRederigeVersLaPageeHome(java.lang.String)
]]></system-out>
    <system-err><![CDATA[déc. 17, 2024 1:08:17 A.M. org.openqa.selenium.devtools.CdpVersionFinder findNearestMatch
WARNING: Unable to find an exact match for CDP version 131, returning the closest version; found: 129; Please update to a Selenium version that supports CDP version 131
]]></system-err>
  </testcase>
</testsuite>